<?xml version="1.0" encoding="UTF-8" ?>
<testsuite tests="5" failures="0" name="stepdefs.RunTest" time="0.176" errors="0" skipped="0">
  <properties>
[...]
</properties>
  <testcase classname="Test Feature" name="Scenario-1 Demonstrating how Cucumber-JVM works" time="0.175"/>
  <testcase classname="Test Feature" name="Scenario-2 Demonstrating how Cucumber-JVM works" time="0"/>
  <testcase classname="Test Feature" name="Scenario-3 Demonstrating how Cucumber-JVM works" time="0"/>
  <testcase classname="Test Feature" name="Scenario-4 Demonstrating how Cucumber-JVM works" time="0"/>
  <testcase classname="Test Feature" name="Scenario-5 Demonstrating how Cucumber-JVM works" time="0.001"/>
</testsuite>